Flow report for g54_Lab3
Wed Feb 22 16:16:06 2017
Quartus II 64-Bit Version 13.0.1 Build 232 06/12/2013 Service Pack 1 SJ Full Version


---------------------
; Table of Contents ;
---------------------
  1. Legal Notice
  2. Flow Summary
  3. Flow Settings
  4. Flow Non-Default Global Settings
  5. Flow Elapsed Time
  6. Flow OS Summary
  7. Flow Log
  8. Flow Messages
  9. Flow Suppressed Messages



----------------
; Legal Notice ;
----------------
Copyright (C) 1991-2013 Altera Corporation
Your use of Altera Corporation's design tools, logic functions 
and other software and tools, and its AMPP partner logic 
functions, and any output files from any of the foregoing 
(including device programming or simulation files), and any 
associated documentation or information are expressly subject 
to the terms and conditions of the Altera Program License 
Subscription Agreement, Altera MegaCore Function License 
Agreement, or other applicable license agreement, including, 
without limitation, that your use is for the sole purpose of 
programming logic devices manufactured by Altera and sold by 
Altera or its authorized distributors.  Please refer to the 
applicable agreement for further details.



+---------------------------------------------------------------------------------------+
; Flow Summary                                                                          ;
+------------------------------------+--------------------------------------------------+
; Flow Status                        ; Successful - Wed Feb 22 16:16:06 2017            ;
; Quartus II 64-Bit Version          ; 13.0.1 Build 232 06/12/2013 SP 1 SJ Full Version ;
; Revision Name                      ; g54_Lab3                                         ;
; Top-level Entity Name              ; g54_stack52BLOCK                                 ;
; Family                             ; Cyclone II                                       ;
; Device                             ; EP2C20F484C7                                     ;
; Timing Models                      ; Final                                            ;
; Total logic elements               ; 634                                              ;
;     Total combinational functions  ; 634                                              ;
;     Dedicated logic registers      ; 318                                              ;
; Total registers                    ; 318                                              ;
; Total pins                         ; 31                                               ;
; Total virtual pins                 ; 0                                                ;
; Total memory bits                  ; 3,328                                            ;
; Embedded Multiplier 9-bit elements ; 0                                                ;
; Total PLLs                         ; 0                                                ;
+------------------------------------+--------------------------------------------------+


+-----------------------------------------+
; Flow Settings                           ;
+-------------------+---------------------+
; Option            ; Setting             ;
+-------------------+---------------------+
; Start date & time ; 02/22/2017 16:08:21 ;
; Main task         ; Compilation         ;
; Revision Name     ; g54_Lab3            ;
+-------------------+---------------------+


+---------------------------------------------------------------------------------------------------------------------------------+
; Flow Non-Default Global Settings                                                                                                ;
+-------------------------------------+---------------------------------------+---------------+------------------+----------------+
; Assignment Name                     ; Value                                 ; Default Value ; Entity Name      ; Section Id     ;
+-------------------------------------+---------------------------------------+---------------+------------------+----------------+
; COMPILER_SIGNATURE_ID               ; 268891671943089.148779770104336       ; --            ; --               ; --             ;
; EDA_OUTPUT_DATA_FORMAT              ; Vhdl                                  ; --            ; --               ; eda_simulation ;
; EDA_SIMULATION_TOOL                 ; ModelSim-Altera (VHDL)                ; <None>        ; --               ; --             ;
; IP_TOOL_NAME                        ; LPM_MUX                               ; --            ; --               ; --             ;
; IP_TOOL_NAME                        ; LPM_DECODE                            ; --            ; --               ; --             ;
; IP_TOOL_NAME                        ; LPM_COUNTER                           ; --            ; --               ; --             ;
; IP_TOOL_NAME                        ; LPM_MUX                               ; --            ; --               ; --             ;
; IP_TOOL_NAME                        ; LPM_CONSTANT                          ; --            ; --               ; --             ;
; IP_TOOL_NAME                        ; LPM_CONSTANT                          ; --            ; --               ; --             ;
; IP_TOOL_NAME                        ; LPM_CONSTANT                          ; --            ; --               ; --             ;
; IP_TOOL_VERSION                     ; 13.0                                  ; --            ; --               ; --             ;
; IP_TOOL_VERSION                     ; 13.0                                  ; --            ; --               ; --             ;
; IP_TOOL_VERSION                     ; 13.0                                  ; --            ; --               ; --             ;
; IP_TOOL_VERSION                     ; 13.0                                  ; --            ; --               ; --             ;
; IP_TOOL_VERSION                     ; 13.0                                  ; --            ; --               ; --             ;
; IP_TOOL_VERSION                     ; 13.0                                  ; --            ; --               ; --             ;
; IP_TOOL_VERSION                     ; 13.0                                  ; --            ; --               ; --             ;
; MAX_CORE_JUNCTION_TEMP              ; 85                                    ; --            ; --               ; --             ;
; MIN_CORE_JUNCTION_TEMP              ; 0                                     ; --            ; --               ; --             ;
; MISC_FILE                           ; lpm_mux0.bsf                          ; --            ; --               ; --             ;
; MISC_FILE                           ; lpm_mux0.cmp                          ; --            ; --               ; --             ;
; MISC_FILE                           ; lpm_decode0.bsf                       ; --            ; --               ; --             ;
; MISC_FILE                           ; lpm_decode0.cmp                       ; --            ; --               ; --             ;
; MISC_FILE                           ; lpm_counter0.bsf                      ; --            ; --               ; --             ;
; MISC_FILE                           ; lpm_counter0.cmp                      ; --            ; --               ; --             ;
; MISC_FILE                           ; lpm_mux1.bsf                          ; --            ; --               ; --             ;
; MISC_FILE                           ; lpm_mux1.cmp                          ; --            ; --               ; --             ;
; MISC_FILE                           ; ../g54_Lab2/lpm_constant0.bsf         ; --            ; --               ; --             ;
; MISC_FILE                           ; ../g54_Lab2/lpm_constant0.cmp         ; --            ; --               ; --             ;
; MISC_FILE                           ; ../g54_Lab2/lpm_constant1.bsf         ; --            ; --               ; --             ;
; MISC_FILE                           ; ../g54_Lab2/lpm_constant1.cmp         ; --            ; --               ; --             ;
; MISC_FILE                           ; ../g54_Lab2/lpm_constant2.bsf         ; --            ; --               ; --             ;
; MISC_FILE                           ; ../g54_Lab2/lpm_constant2.cmp         ; --            ; --               ; --             ;
; PARTITION_COLOR                     ; 16764057                              ; --            ; g54_stack52BLOCK ; Top            ;
; PARTITION_FITTER_PRESERVATION_LEVEL ; PLACEMENT_AND_ROUTING                 ; --            ; g54_stack52BLOCK ; Top            ;
; PARTITION_NETLIST_TYPE              ; SOURCE                                ; --            ; g54_stack52BLOCK ; Top            ;
; POWER_BOARD_THERMAL_MODEL           ; None (CONSERVATIVE)                   ; --            ; --               ; --             ;
; POWER_PRESET_COOLING_SOLUTION       ; 23 MM HEAT SINK WITH 200 LFPM AIRFLOW ; --            ; --               ; --             ;
; PROJECT_OUTPUT_DIRECTORY            ; output_files                          ; --            ; --               ; --             ;
; TOP_LEVEL_ENTITY                    ; g54_stack52BLOCK                      ; g54_Lab3      ; --               ; --             ;
+-------------------------------------+---------------------------------------+---------------+------------------+----------------+


+--------------------------------------------------------------------------------------------------------------------------+
; Flow Elapsed Time                                                                                                        ;
+----------------------+--------------+-------------------------+---------------------+------------------------------------+
; Module Name          ; Elapsed Time ; Average Processors Used ; Peak Virtual Memory ; Total CPU Time (on all processors) ;
+----------------------+--------------+-------------------------+---------------------+------------------------------------+
; Analysis & Synthesis ; 00:00:11     ; 1.0                     ; 584 MB              ; 00:00:06                           ;
; EDA Netlist Writer   ; 00:00:03     ; 1.0                     ; 435 MB              ; 00:00:01                           ;
; Total                ; 00:00:14     ; --                      ; --                  ; 00:00:07                           ;
+----------------------+--------------+-------------------------+---------------------+------------------------------------+


+-----------------------------------------------------------------------------------+
; Flow OS Summary                                                                   ;
+----------------------+------------------+-----------+------------+----------------+
; Module Name          ; Machine Hostname ; OS Name   ; OS Version ; Processor type ;
+----------------------+------------------+-----------+------------+----------------+
; Analysis & Synthesis ; 156TR4060DS-04   ; Windows 7 ; 6.2        ; x86_64         ;
; EDA Netlist Writer   ; 156TR4060DS-04   ; Windows 7 ; 6.2        ; x86_64         ;
+----------------------+------------------+-----------+------------+----------------+


------------
; Flow Log ;
------------
quartus_map --read_settings_files=on --write_settings_files=off g54_Lab3 -c g54_Lab3
quartus_eda --read_settings_files=on --write_settings_files=off g54_Lab3 -c g54_Lab3 --gen_testbench



